{"C:\\Users\\jonas\\Documents\\GitHub\\JonasRiek.github.io\\js\\index.js": {"path":"C:\\Users\\jonas\\Documents\\GitHub\\JonasRiek.github.io\\js\\index.js","statementMap":{"0":{"start":{"line":1,"column":12},"end":{"line":1,"column":14}},"1":{"start":{"line":2,"column":18},"end":{"line":2,"column":20}},"2":{"start":{"line":8,"column":13},"end":{"line":8,"column":18}},"3":{"start":{"line":9,"column":12},"end":{"line":9,"column":16}},"4":{"start":{"line":10,"column":9},"end":{"line":10,"column":14}},"5":{"start":{"line":13,"column":20},"end":{"line":13,"column":51}},"6":{"start":{"line":14,"column":16},"end":{"line":14,"column":50}},"7":{"start":{"line":15,"column":17},"end":{"line":15,"column":52}},"8":{"start":{"line":16,"column":19},"end":{"line":16,"column":56}},"9":{"start":{"line":17,"column":20},"end":{"line":17,"column":58}},"10":{"start":{"line":18,"column":21},"end":{"line":18,"column":54}},"11":{"start":{"line":19,"column":17},"end":{"line":19,"column":46}},"12":{"start":{"line":20,"column":20},"end":{"line":20,"column":52}},"13":{"start":{"line":22,"column":0},"end":{"line":28,"column":3}},"14":{"start":{"line":23,"column":2},"end":{"line":27,"column":3}},"15":{"start":{"line":24,"column":4},"end":{"line":24,"column":18}},"16":{"start":{"line":26,"column":4},"end":{"line":26,"column":19}},"17":{"start":{"line":30,"column":0},"end":{"line":40,"column":3}},"18":{"start":{"line":31,"column":2},"end":{"line":39,"column":3}},"19":{"start":{"line":32,"column":4},"end":{"line":32,"column":14}},"20":{"start":{"line":33,"column":4},"end":{"line":33,"column":32}},"21":{"start":{"line":35,"column":4},"end":{"line":35,"column":15}},"22":{"start":{"line":36,"column":4},"end":{"line":36,"column":31}},"23":{"start":{"line":37,"column":4},"end":{"line":37,"column":17}},"24":{"start":{"line":38,"column":4},"end":{"line":38,"column":30}},"25":{"start":{"line":42,"column":0},"end":{"line":46,"column":3}},"26":{"start":{"line":43,"column":2},"end":{"line":45,"column":3}},"27":{"start":{"line":44,"column":4},"end":{"line":44,"column":11}},"28":{"start":{"line":52,"column":2},"end":{"line":52,"column":14}},"29":{"start":{"line":53,"column":2},"end":{"line":53,"column":13}},"30":{"start":{"line":54,"column":2},"end":{"line":54,"column":19}},"31":{"start":{"line":55,"column":2},"end":{"line":55,"column":12}},"32":{"start":{"line":56,"column":2},"end":{"line":56,"column":17}},"33":{"start":{"line":57,"column":2},"end":{"line":57,"column":11}},"34":{"start":{"line":58,"column":2},"end":{"line":58,"column":28}},"35":{"start":{"line":59,"column":2},"end":{"line":59,"column":14}},"36":{"start":{"line":60,"column":2},"end":{"line":62,"column":3}},"37":{"start":{"line":60,"column":15},"end":{"line":60,"column":16}},"38":{"start":{"line":61,"column":4},"end":{"line":61,"column":50}},"39":{"start":{"line":63,"column":2},"end":{"line":63,"column":18}},"40":{"start":{"line":65,"column":2},"end":{"line":65,"column":42}},"41":{"start":{"line":72,"column":2},"end":{"line":72,"column":13}},"42":{"start":{"line":74,"column":2},"end":{"line":79,"column":3}},"43":{"start":{"line":75,"column":4},"end":{"line":75,"column":30}},"44":{"start":{"line":76,"column":4},"end":{"line":76,"column":21}},"45":{"start":{"line":77,"column":4},"end":{"line":77,"column":17}},"46":{"start":{"line":78,"column":4},"end":{"line":78,"column":14}},"47":{"start":{"line":81,"column":2},"end":{"line":90,"column":3}},"48":{"start":{"line":82,"column":4},"end":{"line":82,"column":17}},"49":{"start":{"line":83,"column":4},"end":{"line":89,"column":12}},"50":{"start":{"line":84,"column":6},"end":{"line":84,"column":35}},"51":{"start":{"line":84,"column":29},"end":{"line":84,"column":35}},"52":{"start":{"line":85,"column":6},"end":{"line":85,"column":35}},"53":{"start":{"line":85,"column":29},"end":{"line":85,"column":35}},"54":{"start":{"line":86,"column":6},"end":{"line":86,"column":37}},"55":{"start":{"line":86,"column":29},"end":{"line":86,"column":37}},"56":{"start":{"line":87,"column":6},"end":{"line":87,"column":36}},"57":{"start":{"line":87,"column":29},"end":{"line":87,"column":36}},"58":{"start":{"line":88,"column":6},"end":{"line":88,"column":14}},"59":{"start":{"line":97,"column":2},"end":{"line":100,"column":3}},"60":{"start":{"line":98,"column":18},"end":{"line":98,"column":50}},"61":{"start":{"line":99,"column":4},"end":{"line":99,"column":17}},"62":{"start":{"line":101,"column":2},"end":{"line":101,"column":15}},"63":{"start":{"line":102,"column":2},"end":{"line":102,"column":47}},"64":{"start":{"line":109,"column":2},"end":{"line":112,"column":3}},"65":{"start":{"line":110,"column":18},"end":{"line":110,"column":50}},"66":{"start":{"line":111,"column":4},"end":{"line":111,"column":17}},"67":{"start":{"line":113,"column":2},"end":{"line":113,"column":15}},"68":{"start":{"line":114,"column":2},"end":{"line":114,"column":44}},"69":{"start":{"line":121,"column":2},"end":{"line":124,"column":3}},"70":{"start":{"line":122,"column":18},"end":{"line":122,"column":50}},"71":{"start":{"line":123,"column":4},"end":{"line":123,"column":17}},"72":{"start":{"line":125,"column":2},"end":{"line":125,"column":15}},"73":{"start":{"line":126,"column":2},"end":{"line":126,"column":46}},"74":{"start":{"line":133,"column":2},"end":{"line":136,"column":3}},"75":{"start":{"line":134,"column":18},"end":{"line":134,"column":50}},"76":{"start":{"line":135,"column":4},"end":{"line":135,"column":17}},"77":{"start":{"line":137,"column":2},"end":{"line":137,"column":15}},"78":{"start":{"line":138,"column":2},"end":{"line":138,"column":53}},"79":{"start":{"line":145,"column":2},"end":{"line":145,"column":46}},"80":{"start":{"line":146,"column":2},"end":{"line":146,"column":45}},"81":{"start":{"line":147,"column":2},"end":{"line":147,"column":49}},"82":{"start":{"line":148,"column":2},"end":{"line":148,"column":49}},"83":{"start":{"line":155,"column":2},"end":{"line":155,"column":47}},"84":{"start":{"line":156,"column":2},"end":{"line":156,"column":44}},"85":{"start":{"line":157,"column":2},"end":{"line":157,"column":46}},"86":{"start":{"line":158,"column":2},"end":{"line":158,"column":53}},"87":{"start":{"line":161,"column":0},"end":{"line":161,"column":28}},"88":{"start":{"line":163,"column":0},"end":{"line":174,"column":3}},"89":{"start":{"line":164,"column":2},"end":{"line":173,"column":3}},"90":{"start":{"line":165,"column":4},"end":{"line":165,"column":24}},"91":{"start":{"line":166,"column":4},"end":{"line":166,"column":12}},"92":{"start":{"line":167,"column":4},"end":{"line":167,"column":10}},"93":{"start":{"line":168,"column":4},"end":{"line":172,"column":5}},"94":{"start":{"line":169,"column":6},"end":{"line":171,"column":14}},"95":{"start":{"line":170,"column":8},"end":{"line":170,"column":21}},"96":{"start":{"line":176,"column":0},"end":{"line":187,"column":3}},"97":{"start":{"line":177,"column":2},"end":{"line":186,"column":3}},"98":{"start":{"line":178,"column":4},"end":{"line":178,"column":24}},"99":{"start":{"line":179,"column":4},"end":{"line":179,"column":12}},"100":{"start":{"line":180,"column":4},"end":{"line":180,"column":10}},"101":{"start":{"line":181,"column":4},"end":{"line":185,"column":5}},"102":{"start":{"line":182,"column":6},"end":{"line":184,"column":14}},"103":{"start":{"line":183,"column":8},"end":{"line":183,"column":21}},"104":{"start":{"line":189,"column":0},"end":{"line":200,"column":3}},"105":{"start":{"line":190,"column":2},"end":{"line":199,"column":3}},"106":{"start":{"line":191,"column":4},"end":{"line":191,"column":24}},"107":{"start":{"line":192,"column":4},"end":{"line":192,"column":12}},"108":{"start":{"line":193,"column":4},"end":{"line":193,"column":12}},"109":{"start":{"line":194,"column":4},"end":{"line":198,"column":5}},"110":{"start":{"line":195,"column":6},"end":{"line":197,"column":14}},"111":{"start":{"line":196,"column":8},"end":{"line":196,"column":21}},"112":{"start":{"line":202,"column":0},"end":{"line":213,"column":3}},"113":{"start":{"line":203,"column":2},"end":{"line":212,"column":3}},"114":{"start":{"line":204,"column":4},"end":{"line":204,"column":24}},"115":{"start":{"line":205,"column":4},"end":{"line":205,"column":12}},"116":{"start":{"line":206,"column":4},"end":{"line":206,"column":11}},"117":{"start":{"line":207,"column":4},"end":{"line":211,"column":5}},"118":{"start":{"line":208,"column":6},"end":{"line":210,"column":14}},"119":{"start":{"line":209,"column":8},"end":{"line":209,"column":21}},"120":{"start":{"line":219,"column":2},"end":{"line":221,"column":3}},"121":{"start":{"line":220,"column":4},"end":{"line":220,"column":17}},"122":{"start":{"line":223,"column":2},"end":{"line":225,"column":3}},"123":{"start":{"line":224,"column":4},"end":{"line":224,"column":14}},"124":{"start":{"line":227,"column":2},"end":{"line":246,"column":3}},"125":{"start":{"line":228,"column":4},"end":{"line":228,"column":17}},"126":{"start":{"line":229,"column":4},"end":{"line":229,"column":34}},"127":{"start":{"line":230,"column":4},"end":{"line":243,"column":12}},"128":{"start":{"line":231,"column":6},"end":{"line":231,"column":35}},"129":{"start":{"line":232,"column":6},"end":{"line":232,"column":19}},"130":{"start":{"line":234,"column":6},"end":{"line":242,"column":7}},"131":{"start":{"line":235,"column":8},"end":{"line":235,"column":15}},"132":{"start":{"line":237,"column":8},"end":{"line":237,"column":24}},"133":{"start":{"line":238,"column":8},"end":{"line":238,"column":18}},"134":{"start":{"line":239,"column":8},"end":{"line":239,"column":25}},"135":{"start":{"line":240,"column":8},"end":{"line":240,"column":20}},"136":{"start":{"line":241,"column":8},"end":{"line":241,"column":48}},"137":{"start":{"line":245,"column":4},"end":{"line":245,"column":18}},"138":{"start":{"line":248,"column":2},"end":{"line":255,"column":3}},"139":{"start":{"line":249,"column":4},"end":{"line":249,"column":11}},"140":{"start":{"line":250,"column":4},"end":{"line":250,"column":21}},"141":{"start":{"line":251,"column":4},"end":{"line":251,"column":20}},"142":{"start":{"line":252,"column":4},"end":{"line":252,"column":14}},"143":{"start":{"line":253,"column":4},"end":{"line":253,"column":33}},"144":{"start":{"line":254,"column":4},"end":{"line":254,"column":44}},"145":{"start":{"line":262,"column":2},"end":{"line":262,"column":15}},"146":{"start":{"line":263,"column":2},"end":{"line":263,"column":33}},"147":{"start":{"line":264,"column":2},"end":{"line":264,"column":13}},"148":{"start":{"line":265,"column":2},"end":{"line":265,"column":13}}},"fnMap":{"0":{"name":"(anonymous_0)","decl":{"start":{"line":22,"column":39},"end":{"line":22,"column":40}},"loc":{"start":{"line":22,"column":50},"end":{"line":28,"column":1}},"line":22},"1":{"name":"(anonymous_1)","decl":{"start":{"line":30,"column":35},"end":{"line":30,"column":36}},"loc":{"start":{"line":30,"column":46},"end":{"line":40,"column":1}},"line":30},"2":{"name":"(anonymous_2)","decl":{"start":{"line":42,"column":38},"end":{"line":42,"column":39}},"loc":{"start":{"line":42,"column":49},"end":{"line":46,"column":1}},"line":42},"3":{"name":"play","decl":{"start":{"line":51,"column":9},"end":{"line":51,"column":13}},"loc":{"start":{"line":51,"column":16},"end":{"line":66,"column":1}},"line":51},"4":{"name":"gameTurn","decl":{"start":{"line":71,"column":9},"end":{"line":71,"column":17}},"loc":{"start":{"line":71,"column":20},"end":{"line":91,"column":1}},"line":71},"5":{"name":"(anonymous_5)","decl":{"start":{"line":83,"column":15},"end":{"line":83,"column":16}},"loc":{"start":{"line":83,"column":21},"end":{"line":89,"column":5}},"line":83},"6":{"name":"one","decl":{"start":{"line":96,"column":9},"end":{"line":96,"column":12}},"loc":{"start":{"line":96,"column":15},"end":{"line":103,"column":1}},"line":96},"7":{"name":"two","decl":{"start":{"line":108,"column":9},"end":{"line":108,"column":12}},"loc":{"start":{"line":108,"column":15},"end":{"line":115,"column":1}},"line":108},"8":{"name":"three","decl":{"start":{"line":120,"column":9},"end":{"line":120,"column":14}},"loc":{"start":{"line":120,"column":17},"end":{"line":127,"column":1}},"line":120},"9":{"name":"four","decl":{"start":{"line":132,"column":9},"end":{"line":132,"column":13}},"loc":{"start":{"line":132,"column":16},"end":{"line":139,"column":1}},"line":132},"10":{"name":"clearColor","decl":{"start":{"line":144,"column":9},"end":{"line":144,"column":19}},"loc":{"start":{"line":144,"column":22},"end":{"line":149,"column":1}},"line":144},"11":{"name":"flashColor","decl":{"start":{"line":154,"column":9},"end":{"line":154,"column":19}},"loc":{"start":{"line":154,"column":22},"end":{"line":159,"column":1}},"line":154},"12":{"name":"(anonymous_12)","decl":{"start":{"line":163,"column":34},"end":{"line":163,"column":35}},"loc":{"start":{"line":163,"column":45},"end":{"line":174,"column":1}},"line":163},"13":{"name":"(anonymous_13)","decl":{"start":{"line":169,"column":17},"end":{"line":169,"column":18}},"loc":{"start":{"line":169,"column":23},"end":{"line":171,"column":7}},"line":169},"14":{"name":"(anonymous_14)","decl":{"start":{"line":176,"column":35},"end":{"line":176,"column":36}},"loc":{"start":{"line":176,"column":46},"end":{"line":187,"column":1}},"line":176},"15":{"name":"(anonymous_15)","decl":{"start":{"line":182,"column":17},"end":{"line":182,"column":18}},"loc":{"start":{"line":182,"column":23},"end":{"line":184,"column":7}},"line":182},"16":{"name":"(anonymous_16)","decl":{"start":{"line":189,"column":37},"end":{"line":189,"column":38}},"loc":{"start":{"line":189,"column":48},"end":{"line":200,"column":1}},"line":189},"17":{"name":"(anonymous_17)","decl":{"start":{"line":195,"column":17},"end":{"line":195,"column":18}},"loc":{"start":{"line":195,"column":23},"end":{"line":197,"column":7}},"line":195},"18":{"name":"(anonymous_18)","decl":{"start":{"line":202,"column":38},"end":{"line":202,"column":39}},"loc":{"start":{"line":202,"column":49},"end":{"line":213,"column":1}},"line":202},"19":{"name":"(anonymous_19)","decl":{"start":{"line":208,"column":17},"end":{"line":208,"column":18}},"loc":{"start":{"line":208,"column":23},"end":{"line":210,"column":7}},"line":208},"20":{"name":"check","decl":{"start":{"line":218,"column":9},"end":{"line":218,"column":14}},"loc":{"start":{"line":218,"column":17},"end":{"line":256,"column":1}},"line":218},"21":{"name":"(anonymous_21)","decl":{"start":{"line":230,"column":15},"end":{"line":230,"column":16}},"loc":{"start":{"line":230,"column":21},"end":{"line":243,"column":5}},"line":230},"22":{"name":"winGame","decl":{"start":{"line":261,"column":9},"end":{"line":261,"column":16}},"loc":{"start":{"line":261,"column":19},"end":{"line":266,"column":1}},"line":261}},"branchMap":{"0":{"loc":{"start":{"line":23,"column":2},"end":{"line":27,"column":3}},"type":"if","locations":[{"start":{"line":23,"column":2},"end":{"line":27,"column":3}},{"start":{"line":25,"column":9},"end":{"line":27,"column":3}}],"line":23},"1":{"loc":{"start":{"line":31,"column":2},"end":{"line":39,"column":3}},"type":"if","locations":[{"start":{"line":31,"column":2},"end":{"line":39,"column":3}},{"start":{"line":34,"column":9},"end":{"line":39,"column":3}}],"line":31},"2":{"loc":{"start":{"line":43,"column":2},"end":{"line":45,"column":3}},"type":"if","locations":[{"start":{"line":43,"column":2},"end":{"line":45,"column":3}},{"start":{},"end":{}}],"line":43},"3":{"loc":{"start":{"line":43,"column":6},"end":{"line":43,"column":15}},"type":"binary-expr","locations":[{"start":{"line":43,"column":6},"end":{"line":43,"column":8}},{"start":{"line":43,"column":12},"end":{"line":43,"column":15}}],"line":43},"4":{"loc":{"start":{"line":74,"column":2},"end":{"line":79,"column":3}},"type":"if","locations":[{"start":{"line":74,"column":2},"end":{"line":79,"column":3}},{"start":{},"end":{}}],"line":74},"5":{"loc":{"start":{"line":81,"column":2},"end":{"line":90,"column":3}},"type":"if","locations":[{"start":{"line":81,"column":2},"end":{"line":90,"column":3}},{"start":{},"end":{}}],"line":81},"6":{"loc":{"start":{"line":84,"column":6},"end":{"line":84,"column":35}},"type":"if","locations":[{"start":{"line":84,"column":6},"end":{"line":84,"column":35}},{"start":{},"end":{}}],"line":84},"7":{"loc":{"start":{"line":85,"column":6},"end":{"line":85,"column":35}},"type":"if","locations":[{"start":{"line":85,"column":6},"end":{"line":85,"column":35}},{"start":{},"end":{}}],"line":85},"8":{"loc":{"start":{"line":86,"column":6},"end":{"line":86,"column":37}},"type":"if","locations":[{"start":{"line":86,"column":6},"end":{"line":86,"column":37}},{"start":{},"end":{}}],"line":86},"9":{"loc":{"start":{"line":87,"column":6},"end":{"line":87,"column":36}},"type":"if","locations":[{"start":{"line":87,"column":6},"end":{"line":87,"column":36}},{"start":{},"end":{}}],"line":87},"10":{"loc":{"start":{"line":97,"column":2},"end":{"line":100,"column":3}},"type":"if","locations":[{"start":{"line":97,"column":2},"end":{"line":100,"column":3}},{"start":{},"end":{}}],"line":97},"11":{"loc":{"start":{"line":109,"column":2},"end":{"line":112,"column":3}},"type":"if","locations":[{"start":{"line":109,"column":2},"end":{"line":112,"column":3}},{"start":{},"end":{}}],"line":109},"12":{"loc":{"start":{"line":121,"column":2},"end":{"line":124,"column":3}},"type":"if","locations":[{"start":{"line":121,"column":2},"end":{"line":124,"column":3}},{"start":{},"end":{}}],"line":121},"13":{"loc":{"start":{"line":133,"column":2},"end":{"line":136,"column":3}},"type":"if","locations":[{"start":{"line":133,"column":2},"end":{"line":136,"column":3}},{"start":{},"end":{}}],"line":133},"14":{"loc":{"start":{"line":164,"column":2},"end":{"line":173,"column":3}},"type":"if","locations":[{"start":{"line":164,"column":2},"end":{"line":173,"column":3}},{"start":{},"end":{}}],"line":164},"15":{"loc":{"start":{"line":168,"column":4},"end":{"line":172,"column":5}},"type":"if","locations":[{"start":{"line":168,"column":4},"end":{"line":172,"column":5}},{"start":{},"end":{}}],"line":168},"16":{"loc":{"start":{"line":177,"column":2},"end":{"line":186,"column":3}},"type":"if","locations":[{"start":{"line":177,"column":2},"end":{"line":186,"column":3}},{"start":{},"end":{}}],"line":177},"17":{"loc":{"start":{"line":181,"column":4},"end":{"line":185,"column":5}},"type":"if","locations":[{"start":{"line":181,"column":4},"end":{"line":185,"column":5}},{"start":{},"end":{}}],"line":181},"18":{"loc":{"start":{"line":190,"column":2},"end":{"line":199,"column":3}},"type":"if","locations":[{"start":{"line":190,"column":2},"end":{"line":199,"column":3}},{"start":{},"end":{}}],"line":190},"19":{"loc":{"start":{"line":194,"column":4},"end":{"line":198,"column":5}},"type":"if","locations":[{"start":{"line":194,"column":4},"end":{"line":198,"column":5}},{"start":{},"end":{}}],"line":194},"20":{"loc":{"start":{"line":203,"column":2},"end":{"line":212,"column":3}},"type":"if","locations":[{"start":{"line":203,"column":2},"end":{"line":212,"column":3}},{"start":{},"end":{}}],"line":203},"21":{"loc":{"start":{"line":207,"column":4},"end":{"line":211,"column":5}},"type":"if","locations":[{"start":{"line":207,"column":4},"end":{"line":211,"column":5}},{"start":{},"end":{}}],"line":207},"22":{"loc":{"start":{"line":219,"column":2},"end":{"line":221,"column":3}},"type":"if","locations":[{"start":{"line":219,"column":2},"end":{"line":221,"column":3}},{"start":{},"end":{}}],"line":219},"23":{"loc":{"start":{"line":223,"column":2},"end":{"line":225,"column":3}},"type":"if","locations":[{"start":{"line":223,"column":2},"end":{"line":225,"column":3}},{"start":{},"end":{}}],"line":223},"24":{"loc":{"start":{"line":223,"column":6},"end":{"line":223,"column":37}},"type":"binary-expr","locations":[{"start":{"line":223,"column":6},"end":{"line":223,"column":29}},{"start":{"line":223,"column":33},"end":{"line":223,"column":37}}],"line":223},"25":{"loc":{"start":{"line":227,"column":2},"end":{"line":246,"column":3}},"type":"if","locations":[{"start":{"line":227,"column":2},"end":{"line":246,"column":3}},{"start":{},"end":{}}],"line":227},"26":{"loc":{"start":{"line":234,"column":6},"end":{"line":242,"column":7}},"type":"if","locations":[{"start":{"line":234,"column":6},"end":{"line":242,"column":7}},{"start":{"line":236,"column":13},"end":{"line":242,"column":7}}],"line":234},"27":{"loc":{"start":{"line":248,"column":2},"end":{"line":255,"column":3}},"type":"if","locations":[{"start":{"line":248,"column":2},"end":{"line":255,"column":3}},{"start":{},"end":{}}],"line":248},"28":{"loc":{"start":{"line":248,"column":6},"end":{"line":248,"column":48}},"type":"binary-expr","locations":[{"start":{"line":248,"column":6},"end":{"line":248,"column":32}},{"start":{"line":248,"column":36},"end":{"line":248,"column":40}},{"start":{"line":248,"column":44},"end":{"line":248,"column":48}}],"line":248}},"s":{"0":1,"1":1,"2":1,"3":1,"4":1,"5":1,"6":1,"7":1,"8":1,"9":1,"10":1,"11":1,"12":1,"13":1,"14":0,"15":0,"16":0,"17":1,"18":0,"19":0,"20":0,"21":0,"22":0,"23":0,"24":0,"25":1,"26":0,"27":0,"28":0,"29":0,"30":0,"31":0,"32":0,"33":0,"34":0,"35":0,"36":0,"37":0,"38":0,"39":0,"40":0,"41":0,"42":0,"43":0,"44":0,"45":0,"46":0,"47":0,"48":0,"49":0,"50":0,"51":0,"52":0,"53":0,"54":0,"55":0,"56":0,"57":0,"58":0,"59":0,"60":0,"61":0,"62":0,"63":0,"64":0,"65":0,"66":0,"67":0,"68":0,"69":0,"70":0,"71":0,"72":0,"73":0,"74":0,"75":0,"76":0,"77":0,"78":0,"79":0,"80":0,"81":0,"82":0,"83":1,"84":1,"85":1,"86":1,"87":1,"88":1,"89":0,"90":0,"91":0,"92":0,"93":0,"94":0,"95":0,"96":1,"97":0,"98":0,"99":0,"100":0,"101":0,"102":0,"103":0,"104":1,"105":0,"106":0,"107":0,"108":0,"109":0,"110":0,"111":0,"112":1,"113":0,"114":0,"115":0,"116":0,"117":0,"118":0,"119":0,"120":0,"121":0,"122":0,"123":0,"124":0,"125":0,"126":0,"127":0,"128":0,"129":0,"130":0,"131":0,"132":0,"133":0,"134":0,"135":0,"136":0,"137":0,"138":0,"139":0,"140":0,"141":0,"142":0,"143":0,"144":0,"145":0,"146":0,"147":0,"148":0},"f":{"0":0,"1":0,"2":0,"3":0,"4":0,"5":0,"6":0,"7":0,"8":0,"9":0,"10":0,"11":1,"12":0,"13":0,"14":0,"15":0,"16":0,"17":0,"18":0,"19":0,"20":0,"21":0,"22":0},"b":{"0":[0,0],"1":[0,0],"2":[0,0],"3":[0,0],"4":[0,0],"5":[0,0],"6":[0,0],"7":[0,0],"8":[0,0],"9":[0,0],"10":[0,0],"11":[0,0],"12":[0,0],"13":[0,0],"14":[0,0],"15":[0,0],"16":[0,0],"17":[0,0],"18":[0,0],"19":[0,0],"20":[0,0],"21":[0,0],"22":[0,0],"23":[0,0],"24":[0,0],"25":[0,0],"26":[0,0],"27":[0,0],"28":[0,0,0]},"_coverageSchema":"1a1c01bbd47fc00a2c39e90264f33305004495a9","hash":"34ec528bc7c3b8e2100bef47c7a4ed37ee360211"}
}
