{"C:\\Users\\jonas\\Documents\\GitHub\\JonasRiek.github.io\\js\\index.js": {"path":"C:\\Users\\jonas\\Documents\\GitHub\\JonasRiek.github.io\\js\\index.js","statementMap":{"0":{"start":{"line":1,"column":12},"end":{"line":1,"column":14}},"1":{"start":{"line":2,"column":18},"end":{"line":2,"column":20}},"2":{"start":{"line":8,"column":13},"end":{"line":8,"column":18}},"3":{"start":{"line":9,"column":12},"end":{"line":9,"column":16}},"4":{"start":{"line":10,"column":9},"end":{"line":10,"column":14}},"5":{"start":{"line":13,"column":20},"end":{"line":13,"column":51}},"6":{"start":{"line":14,"column":16},"end":{"line":14,"column":50}},"7":{"start":{"line":15,"column":17},"end":{"line":15,"column":52}},"8":{"start":{"line":16,"column":19},"end":{"line":16,"column":56}},"9":{"start":{"line":17,"column":20},"end":{"line":17,"column":58}},"10":{"start":{"line":18,"column":21},"end":{"line":18,"column":54}},"11":{"start":{"line":19,"column":17},"end":{"line":19,"column":46}},"12":{"start":{"line":20,"column":20},"end":{"line":20,"column":52}},"13":{"start":{"line":22,"column":0},"end":{"line":28,"column":3}},"14":{"start":{"line":23,"column":2},"end":{"line":27,"column":3}},"15":{"start":{"line":24,"column":4},"end":{"line":24,"column":18}},"16":{"start":{"line":26,"column":4},"end":{"line":26,"column":19}},"17":{"start":{"line":30,"column":0},"end":{"line":40,"column":3}},"18":{"start":{"line":31,"column":2},"end":{"line":39,"column":3}},"19":{"start":{"line":32,"column":4},"end":{"line":32,"column":14}},"20":{"start":{"line":33,"column":4},"end":{"line":33,"column":32}},"21":{"start":{"line":35,"column":4},"end":{"line":35,"column":15}},"22":{"start":{"line":36,"column":4},"end":{"line":36,"column":31}},"23":{"start":{"line":37,"column":4},"end":{"line":37,"column":17}},"24":{"start":{"line":38,"column":4},"end":{"line":38,"column":30}},"25":{"start":{"line":42,"column":0},"end":{"line":46,"column":3}},"26":{"start":{"line":43,"column":2},"end":{"line":45,"column":3}},"27":{"start":{"line":44,"column":4},"end":{"line":44,"column":11}},"28":{"start":{"line":53,"column":2},"end":{"line":53,"column":15}},"29":{"start":{"line":56,"column":0},"end":{"line":56,"column":21}},"30":{"start":{"line":62,"column":2},"end":{"line":62,"column":14}},"31":{"start":{"line":63,"column":2},"end":{"line":63,"column":13}},"32":{"start":{"line":64,"column":2},"end":{"line":64,"column":19}},"33":{"start":{"line":65,"column":2},"end":{"line":65,"column":12}},"34":{"start":{"line":66,"column":2},"end":{"line":66,"column":17}},"35":{"start":{"line":67,"column":2},"end":{"line":67,"column":11}},"36":{"start":{"line":68,"column":2},"end":{"line":68,"column":28}},"37":{"start":{"line":69,"column":2},"end":{"line":69,"column":14}},"38":{"start":{"line":70,"column":2},"end":{"line":72,"column":3}},"39":{"start":{"line":70,"column":15},"end":{"line":70,"column":16}},"40":{"start":{"line":71,"column":4},"end":{"line":71,"column":50}},"41":{"start":{"line":73,"column":2},"end":{"line":73,"column":18}},"42":{"start":{"line":75,"column":2},"end":{"line":75,"column":42}},"43":{"start":{"line":82,"column":2},"end":{"line":82,"column":13}},"44":{"start":{"line":84,"column":2},"end":{"line":89,"column":3}},"45":{"start":{"line":85,"column":4},"end":{"line":85,"column":30}},"46":{"start":{"line":86,"column":4},"end":{"line":86,"column":21}},"47":{"start":{"line":87,"column":4},"end":{"line":87,"column":17}},"48":{"start":{"line":88,"column":4},"end":{"line":88,"column":14}},"49":{"start":{"line":91,"column":2},"end":{"line":100,"column":3}},"50":{"start":{"line":92,"column":4},"end":{"line":92,"column":17}},"51":{"start":{"line":93,"column":4},"end":{"line":99,"column":12}},"52":{"start":{"line":94,"column":6},"end":{"line":94,"column":35}},"53":{"start":{"line":94,"column":29},"end":{"line":94,"column":35}},"54":{"start":{"line":95,"column":6},"end":{"line":95,"column":35}},"55":{"start":{"line":95,"column":29},"end":{"line":95,"column":35}},"56":{"start":{"line":96,"column":6},"end":{"line":96,"column":37}},"57":{"start":{"line":96,"column":29},"end":{"line":96,"column":37}},"58":{"start":{"line":97,"column":6},"end":{"line":97,"column":36}},"59":{"start":{"line":97,"column":29},"end":{"line":97,"column":36}},"60":{"start":{"line":98,"column":6},"end":{"line":98,"column":14}},"61":{"start":{"line":107,"column":2},"end":{"line":110,"column":3}},"62":{"start":{"line":108,"column":18},"end":{"line":108,"column":50}},"63":{"start":{"line":109,"column":4},"end":{"line":109,"column":17}},"64":{"start":{"line":111,"column":2},"end":{"line":111,"column":15}},"65":{"start":{"line":112,"column":2},"end":{"line":112,"column":47}},"66":{"start":{"line":119,"column":2},"end":{"line":122,"column":3}},"67":{"start":{"line":120,"column":18},"end":{"line":120,"column":50}},"68":{"start":{"line":121,"column":4},"end":{"line":121,"column":17}},"69":{"start":{"line":123,"column":2},"end":{"line":123,"column":15}},"70":{"start":{"line":124,"column":2},"end":{"line":124,"column":44}},"71":{"start":{"line":131,"column":2},"end":{"line":134,"column":3}},"72":{"start":{"line":132,"column":18},"end":{"line":132,"column":50}},"73":{"start":{"line":133,"column":4},"end":{"line":133,"column":17}},"74":{"start":{"line":135,"column":2},"end":{"line":135,"column":15}},"75":{"start":{"line":136,"column":2},"end":{"line":136,"column":46}},"76":{"start":{"line":143,"column":2},"end":{"line":146,"column":3}},"77":{"start":{"line":144,"column":18},"end":{"line":144,"column":50}},"78":{"start":{"line":145,"column":4},"end":{"line":145,"column":17}},"79":{"start":{"line":147,"column":2},"end":{"line":147,"column":15}},"80":{"start":{"line":148,"column":2},"end":{"line":148,"column":53}},"81":{"start":{"line":155,"column":2},"end":{"line":155,"column":46}},"82":{"start":{"line":156,"column":2},"end":{"line":156,"column":45}},"83":{"start":{"line":157,"column":2},"end":{"line":157,"column":49}},"84":{"start":{"line":158,"column":2},"end":{"line":158,"column":49}},"85":{"start":{"line":165,"column":2},"end":{"line":165,"column":47}},"86":{"start":{"line":166,"column":2},"end":{"line":166,"column":44}},"87":{"start":{"line":167,"column":2},"end":{"line":167,"column":46}},"88":{"start":{"line":168,"column":2},"end":{"line":168,"column":53}},"89":{"start":{"line":171,"column":0},"end":{"line":182,"column":3}},"90":{"start":{"line":172,"column":2},"end":{"line":181,"column":3}},"91":{"start":{"line":173,"column":4},"end":{"line":173,"column":24}},"92":{"start":{"line":174,"column":4},"end":{"line":174,"column":12}},"93":{"start":{"line":175,"column":4},"end":{"line":175,"column":10}},"94":{"start":{"line":176,"column":4},"end":{"line":180,"column":5}},"95":{"start":{"line":177,"column":6},"end":{"line":179,"column":14}},"96":{"start":{"line":178,"column":8},"end":{"line":178,"column":21}},"97":{"start":{"line":184,"column":0},"end":{"line":195,"column":3}},"98":{"start":{"line":185,"column":2},"end":{"line":194,"column":3}},"99":{"start":{"line":186,"column":4},"end":{"line":186,"column":24}},"100":{"start":{"line":187,"column":4},"end":{"line":187,"column":12}},"101":{"start":{"line":188,"column":4},"end":{"line":188,"column":10}},"102":{"start":{"line":189,"column":4},"end":{"line":193,"column":5}},"103":{"start":{"line":190,"column":6},"end":{"line":192,"column":14}},"104":{"start":{"line":191,"column":8},"end":{"line":191,"column":21}},"105":{"start":{"line":197,"column":0},"end":{"line":208,"column":3}},"106":{"start":{"line":198,"column":2},"end":{"line":207,"column":3}},"107":{"start":{"line":199,"column":4},"end":{"line":199,"column":24}},"108":{"start":{"line":200,"column":4},"end":{"line":200,"column":12}},"109":{"start":{"line":201,"column":4},"end":{"line":201,"column":12}},"110":{"start":{"line":202,"column":4},"end":{"line":206,"column":5}},"111":{"start":{"line":203,"column":6},"end":{"line":205,"column":14}},"112":{"start":{"line":204,"column":8},"end":{"line":204,"column":21}},"113":{"start":{"line":210,"column":0},"end":{"line":221,"column":3}},"114":{"start":{"line":211,"column":2},"end":{"line":220,"column":3}},"115":{"start":{"line":212,"column":4},"end":{"line":212,"column":24}},"116":{"start":{"line":213,"column":4},"end":{"line":213,"column":12}},"117":{"start":{"line":214,"column":4},"end":{"line":214,"column":11}},"118":{"start":{"line":215,"column":4},"end":{"line":219,"column":5}},"119":{"start":{"line":216,"column":6},"end":{"line":218,"column":14}},"120":{"start":{"line":217,"column":8},"end":{"line":217,"column":21}},"121":{"start":{"line":227,"column":2},"end":{"line":229,"column":3}},"122":{"start":{"line":228,"column":4},"end":{"line":228,"column":17}},"123":{"start":{"line":231,"column":2},"end":{"line":233,"column":3}},"124":{"start":{"line":232,"column":4},"end":{"line":232,"column":14}},"125":{"start":{"line":235,"column":2},"end":{"line":254,"column":3}},"126":{"start":{"line":236,"column":4},"end":{"line":236,"column":17}},"127":{"start":{"line":237,"column":4},"end":{"line":237,"column":34}},"128":{"start":{"line":238,"column":4},"end":{"line":251,"column":12}},"129":{"start":{"line":239,"column":6},"end":{"line":239,"column":35}},"130":{"start":{"line":240,"column":6},"end":{"line":240,"column":19}},"131":{"start":{"line":242,"column":6},"end":{"line":250,"column":7}},"132":{"start":{"line":243,"column":8},"end":{"line":243,"column":15}},"133":{"start":{"line":245,"column":8},"end":{"line":245,"column":24}},"134":{"start":{"line":246,"column":8},"end":{"line":246,"column":18}},"135":{"start":{"line":247,"column":8},"end":{"line":247,"column":25}},"136":{"start":{"line":248,"column":8},"end":{"line":248,"column":20}},"137":{"start":{"line":249,"column":8},"end":{"line":249,"column":48}},"138":{"start":{"line":253,"column":4},"end":{"line":253,"column":18}},"139":{"start":{"line":256,"column":2},"end":{"line":263,"column":3}},"140":{"start":{"line":257,"column":4},"end":{"line":257,"column":11}},"141":{"start":{"line":258,"column":4},"end":{"line":258,"column":21}},"142":{"start":{"line":259,"column":4},"end":{"line":259,"column":20}},"143":{"start":{"line":260,"column":4},"end":{"line":260,"column":14}},"144":{"start":{"line":261,"column":4},"end":{"line":261,"column":33}},"145":{"start":{"line":262,"column":4},"end":{"line":262,"column":44}},"146":{"start":{"line":270,"column":2},"end":{"line":270,"column":15}},"147":{"start":{"line":271,"column":2},"end":{"line":271,"column":33}},"148":{"start":{"line":272,"column":2},"end":{"line":272,"column":13}},"149":{"start":{"line":273,"column":2},"end":{"line":273,"column":13}}},"fnMap":{"0":{"name":"(anonymous_0)","decl":{"start":{"line":22,"column":39},"end":{"line":22,"column":40}},"loc":{"start":{"line":22,"column":50},"end":{"line":28,"column":1}},"line":22},"1":{"name":"(anonymous_1)","decl":{"start":{"line":30,"column":35},"end":{"line":30,"column":36}},"loc":{"start":{"line":30,"column":46},"end":{"line":40,"column":1}},"line":30},"2":{"name":"(anonymous_2)","decl":{"start":{"line":42,"column":38},"end":{"line":42,"column":39}},"loc":{"start":{"line":42,"column":49},"end":{"line":46,"column":1}},"line":42},"3":{"name":"sum","decl":{"start":{"line":52,"column":9},"end":{"line":52,"column":12}},"loc":{"start":{"line":52,"column":19},"end":{"line":54,"column":1}},"line":52},"4":{"name":"play","decl":{"start":{"line":61,"column":9},"end":{"line":61,"column":13}},"loc":{"start":{"line":61,"column":16},"end":{"line":76,"column":1}},"line":61},"5":{"name":"gameTurn","decl":{"start":{"line":81,"column":9},"end":{"line":81,"column":17}},"loc":{"start":{"line":81,"column":20},"end":{"line":101,"column":1}},"line":81},"6":{"name":"(anonymous_6)","decl":{"start":{"line":93,"column":15},"end":{"line":93,"column":16}},"loc":{"start":{"line":93,"column":21},"end":{"line":99,"column":5}},"line":93},"7":{"name":"one","decl":{"start":{"line":106,"column":9},"end":{"line":106,"column":12}},"loc":{"start":{"line":106,"column":15},"end":{"line":113,"column":1}},"line":106},"8":{"name":"two","decl":{"start":{"line":118,"column":9},"end":{"line":118,"column":12}},"loc":{"start":{"line":118,"column":15},"end":{"line":125,"column":1}},"line":118},"9":{"name":"three","decl":{"start":{"line":130,"column":9},"end":{"line":130,"column":14}},"loc":{"start":{"line":130,"column":17},"end":{"line":137,"column":1}},"line":130},"10":{"name":"four","decl":{"start":{"line":142,"column":9},"end":{"line":142,"column":13}},"loc":{"start":{"line":142,"column":16},"end":{"line":149,"column":1}},"line":142},"11":{"name":"clearColor","decl":{"start":{"line":154,"column":9},"end":{"line":154,"column":19}},"loc":{"start":{"line":154,"column":22},"end":{"line":159,"column":1}},"line":154},"12":{"name":"flashColor","decl":{"start":{"line":164,"column":9},"end":{"line":164,"column":19}},"loc":{"start":{"line":164,"column":22},"end":{"line":169,"column":1}},"line":164},"13":{"name":"(anonymous_13)","decl":{"start":{"line":171,"column":34},"end":{"line":171,"column":35}},"loc":{"start":{"line":171,"column":45},"end":{"line":182,"column":1}},"line":171},"14":{"name":"(anonymous_14)","decl":{"start":{"line":177,"column":17},"end":{"line":177,"column":18}},"loc":{"start":{"line":177,"column":23},"end":{"line":179,"column":7}},"line":177},"15":{"name":"(anonymous_15)","decl":{"start":{"line":184,"column":35},"end":{"line":184,"column":36}},"loc":{"start":{"line":184,"column":46},"end":{"line":195,"column":1}},"line":184},"16":{"name":"(anonymous_16)","decl":{"start":{"line":190,"column":17},"end":{"line":190,"column":18}},"loc":{"start":{"line":190,"column":23},"end":{"line":192,"column":7}},"line":190},"17":{"name":"(anonymous_17)","decl":{"start":{"line":197,"column":37},"end":{"line":197,"column":38}},"loc":{"start":{"line":197,"column":48},"end":{"line":208,"column":1}},"line":197},"18":{"name":"(anonymous_18)","decl":{"start":{"line":203,"column":17},"end":{"line":203,"column":18}},"loc":{"start":{"line":203,"column":23},"end":{"line":205,"column":7}},"line":203},"19":{"name":"(anonymous_19)","decl":{"start":{"line":210,"column":38},"end":{"line":210,"column":39}},"loc":{"start":{"line":210,"column":49},"end":{"line":221,"column":1}},"line":210},"20":{"name":"(anonymous_20)","decl":{"start":{"line":216,"column":17},"end":{"line":216,"column":18}},"loc":{"start":{"line":216,"column":23},"end":{"line":218,"column":7}},"line":216},"21":{"name":"check","decl":{"start":{"line":226,"column":9},"end":{"line":226,"column":14}},"loc":{"start":{"line":226,"column":17},"end":{"line":264,"column":1}},"line":226},"22":{"name":"(anonymous_22)","decl":{"start":{"line":238,"column":15},"end":{"line":238,"column":16}},"loc":{"start":{"line":238,"column":21},"end":{"line":251,"column":5}},"line":238},"23":{"name":"winGame","decl":{"start":{"line":269,"column":9},"end":{"line":269,"column":16}},"loc":{"start":{"line":269,"column":19},"end":{"line":274,"column":1}},"line":269}},"branchMap":{"0":{"loc":{"start":{"line":23,"column":2},"end":{"line":27,"column":3}},"type":"if","locations":[{"start":{"line":23,"column":2},"end":{"line":27,"column":3}},{"start":{"line":25,"column":9},"end":{"line":27,"column":3}}],"line":23},"1":{"loc":{"start":{"line":31,"column":2},"end":{"line":39,"column":3}},"type":"if","locations":[{"start":{"line":31,"column":2},"end":{"line":39,"column":3}},{"start":{"line":34,"column":9},"end":{"line":39,"column":3}}],"line":31},"2":{"loc":{"start":{"line":43,"column":2},"end":{"line":45,"column":3}},"type":"if","locations":[{"start":{"line":43,"column":2},"end":{"line":45,"column":3}},{"start":{},"end":{}}],"line":43},"3":{"loc":{"start":{"line":43,"column":6},"end":{"line":43,"column":15}},"type":"binary-expr","locations":[{"start":{"line":43,"column":6},"end":{"line":43,"column":8}},{"start":{"line":43,"column":12},"end":{"line":43,"column":15}}],"line":43},"4":{"loc":{"start":{"line":84,"column":2},"end":{"line":89,"column":3}},"type":"if","locations":[{"start":{"line":84,"column":2},"end":{"line":89,"column":3}},{"start":{},"end":{}}],"line":84},"5":{"loc":{"start":{"line":91,"column":2},"end":{"line":100,"column":3}},"type":"if","locations":[{"start":{"line":91,"column":2},"end":{"line":100,"column":3}},{"start":{},"end":{}}],"line":91},"6":{"loc":{"start":{"line":94,"column":6},"end":{"line":94,"column":35}},"type":"if","locations":[{"start":{"line":94,"column":6},"end":{"line":94,"column":35}},{"start":{},"end":{}}],"line":94},"7":{"loc":{"start":{"line":95,"column":6},"end":{"line":95,"column":35}},"type":"if","locations":[{"start":{"line":95,"column":6},"end":{"line":95,"column":35}},{"start":{},"end":{}}],"line":95},"8":{"loc":{"start":{"line":96,"column":6},"end":{"line":96,"column":37}},"type":"if","locations":[{"start":{"line":96,"column":6},"end":{"line":96,"column":37}},{"start":{},"end":{}}],"line":96},"9":{"loc":{"start":{"line":97,"column":6},"end":{"line":97,"column":36}},"type":"if","locations":[{"start":{"line":97,"column":6},"end":{"line":97,"column":36}},{"start":{},"end":{}}],"line":97},"10":{"loc":{"start":{"line":107,"column":2},"end":{"line":110,"column":3}},"type":"if","locations":[{"start":{"line":107,"column":2},"end":{"line":110,"column":3}},{"start":{},"end":{}}],"line":107},"11":{"loc":{"start":{"line":119,"column":2},"end":{"line":122,"column":3}},"type":"if","locations":[{"start":{"line":119,"column":2},"end":{"line":122,"column":3}},{"start":{},"end":{}}],"line":119},"12":{"loc":{"start":{"line":131,"column":2},"end":{"line":134,"column":3}},"type":"if","locations":[{"start":{"line":131,"column":2},"end":{"line":134,"column":3}},{"start":{},"end":{}}],"line":131},"13":{"loc":{"start":{"line":143,"column":2},"end":{"line":146,"column":3}},"type":"if","locations":[{"start":{"line":143,"column":2},"end":{"line":146,"column":3}},{"start":{},"end":{}}],"line":143},"14":{"loc":{"start":{"line":172,"column":2},"end":{"line":181,"column":3}},"type":"if","locations":[{"start":{"line":172,"column":2},"end":{"line":181,"column":3}},{"start":{},"end":{}}],"line":172},"15":{"loc":{"start":{"line":176,"column":4},"end":{"line":180,"column":5}},"type":"if","locations":[{"start":{"line":176,"column":4},"end":{"line":180,"column":5}},{"start":{},"end":{}}],"line":176},"16":{"loc":{"start":{"line":185,"column":2},"end":{"line":194,"column":3}},"type":"if","locations":[{"start":{"line":185,"column":2},"end":{"line":194,"column":3}},{"start":{},"end":{}}],"line":185},"17":{"loc":{"start":{"line":189,"column":4},"end":{"line":193,"column":5}},"type":"if","locations":[{"start":{"line":189,"column":4},"end":{"line":193,"column":5}},{"start":{},"end":{}}],"line":189},"18":{"loc":{"start":{"line":198,"column":2},"end":{"line":207,"column":3}},"type":"if","locations":[{"start":{"line":198,"column":2},"end":{"line":207,"column":3}},{"start":{},"end":{}}],"line":198},"19":{"loc":{"start":{"line":202,"column":4},"end":{"line":206,"column":5}},"type":"if","locations":[{"start":{"line":202,"column":4},"end":{"line":206,"column":5}},{"start":{},"end":{}}],"line":202},"20":{"loc":{"start":{"line":211,"column":2},"end":{"line":220,"column":3}},"type":"if","locations":[{"start":{"line":211,"column":2},"end":{"line":220,"column":3}},{"start":{},"end":{}}],"line":211},"21":{"loc":{"start":{"line":215,"column":4},"end":{"line":219,"column":5}},"type":"if","locations":[{"start":{"line":215,"column":4},"end":{"line":219,"column":5}},{"start":{},"end":{}}],"line":215},"22":{"loc":{"start":{"line":227,"column":2},"end":{"line":229,"column":3}},"type":"if","locations":[{"start":{"line":227,"column":2},"end":{"line":229,"column":3}},{"start":{},"end":{}}],"line":227},"23":{"loc":{"start":{"line":231,"column":2},"end":{"line":233,"column":3}},"type":"if","locations":[{"start":{"line":231,"column":2},"end":{"line":233,"column":3}},{"start":{},"end":{}}],"line":231},"24":{"loc":{"start":{"line":231,"column":6},"end":{"line":231,"column":37}},"type":"binary-expr","locations":[{"start":{"line":231,"column":6},"end":{"line":231,"column":29}},{"start":{"line":231,"column":33},"end":{"line":231,"column":37}}],"line":231},"25":{"loc":{"start":{"line":235,"column":2},"end":{"line":254,"column":3}},"type":"if","locations":[{"start":{"line":235,"column":2},"end":{"line":254,"column":3}},{"start":{},"end":{}}],"line":235},"26":{"loc":{"start":{"line":242,"column":6},"end":{"line":250,"column":7}},"type":"if","locations":[{"start":{"line":242,"column":6},"end":{"line":250,"column":7}},{"start":{"line":244,"column":13},"end":{"line":250,"column":7}}],"line":242},"27":{"loc":{"start":{"line":256,"column":2},"end":{"line":263,"column":3}},"type":"if","locations":[{"start":{"line":256,"column":2},"end":{"line":263,"column":3}},{"start":{},"end":{}}],"line":256},"28":{"loc":{"start":{"line":256,"column":6},"end":{"line":256,"column":48}},"type":"binary-expr","locations":[{"start":{"line":256,"column":6},"end":{"line":256,"column":32}},{"start":{"line":256,"column":36},"end":{"line":256,"column":40}},{"start":{"line":256,"column":44},"end":{"line":256,"column":48}}],"line":256}},"s":{"0":1,"1":1,"2":1,"3":1,"4":1,"5":1,"6":1,"7":1,"8":1,"9":1,"10":1,"11":1,"12":1,"13":1,"14":0,"15":0,"16":0,"17":1,"18":0,"19":0,"20":0,"21":0,"22":0,"23":0,"24":0,"25":1,"26":0,"27":0,"28":1,"29":1,"30":0,"31":0,"32":0,"33":0,"34":0,"35":0,"36":0,"37":0,"38":0,"39":0,"40":0,"41":0,"42":0,"43":0,"44":0,"45":0,"46":0,"47":0,"48":0,"49":0,"50":0,"51":0,"52":0,"53":0,"54":0,"55":0,"56":0,"57":0,"58":0,"59":0,"60":0,"61":0,"62":0,"63":0,"64":0,"65":0,"66":0,"67":0,"68":0,"69":0,"70":0,"71":0,"72":0,"73":0,"74":0,"75":0,"76":0,"77":0,"78":0,"79":0,"80":0,"81":0,"82":0,"83":0,"84":0,"85":0,"86":0,"87":0,"88":0,"89":1,"90":0,"91":0,"92":0,"93":0,"94":0,"95":0,"96":0,"97":1,"98":0,"99":0,"100":0,"101":0,"102":0,"103":0,"104":0,"105":1,"106":0,"107":0,"108":0,"109":0,"110":0,"111":0,"112":0,"113":1,"114":0,"115":0,"116":0,"117":0,"118":0,"119":0,"120":0,"121":0,"122":0,"123":0,"124":0,"125":0,"126":0,"127":0,"128":0,"129":0,"130":0,"131":0,"132":0,"133":0,"134":0,"135":0,"136":0,"137":0,"138":0,"139":0,"140":0,"141":0,"142":0,"143":0,"144":0,"145":0,"146":0,"147":0,"148":0,"149":0},"f":{"0":0,"1":0,"2":0,"3":1,"4":0,"5":0,"6":0,"7":0,"8":0,"9":0,"10":0,"11":0,"12":0,"13":0,"14":0,"15":0,"16":0,"17":0,"18":0,"19":0,"20":0,"21":0,"22":0,"23":0},"b":{"0":[0,0],"1":[0,0],"2":[0,0],"3":[0,0],"4":[0,0],"5":[0,0],"6":[0,0],"7":[0,0],"8":[0,0],"9":[0,0],"10":[0,0],"11":[0,0],"12":[0,0],"13":[0,0],"14":[0,0],"15":[0,0],"16":[0,0],"17":[0,0],"18":[0,0],"19":[0,0],"20":[0,0],"21":[0,0],"22":[0,0],"23":[0,0],"24":[0,0],"25":[0,0],"26":[0,0],"27":[0,0],"28":[0,0,0]},"_coverageSchema":"1a1c01bbd47fc00a2c39e90264f33305004495a9","hash":"ef8acce7a39bad9029f473ade3a39757b372b830"}
}
