TN:
SF:js\index.js
FN:22,(anonymous_0)
FN:30,(anonymous_1)
FN:42,(anonymous_2)
FN:52,sum
FN:61,play
FN:81,gameTurn
FN:93,(anonymous_6)
FN:106,one
FN:118,two
FN:130,three
FN:142,four
FN:154,clearColor
FN:164,flashColor
FN:171,(anonymous_13)
FN:177,(anonymous_14)
FN:184,(anonymous_15)
FN:190,(anonymous_16)
FN:197,(anonymous_17)
FN:203,(anonymous_18)
FN:210,(anonymous_19)
FN:216,(anonymous_20)
FN:226,check
FN:238,(anonymous_22)
FN:269,winGame
FNF:24
FNH:1
FNDA:0,(anonymous_0)
FNDA:0,(anonymous_1)
FNDA:0,(anonymous_2)
FNDA:1,sum
FNDA:0,play
FNDA:0,gameTurn
FNDA:0,(anonymous_6)
FNDA:0,one
FNDA:0,two
FNDA:0,three
FNDA:0,four
FNDA:0,clearColor
FNDA:0,flashColor
FNDA:0,(anonymous_13)
FNDA:0,(anonymous_14)
FNDA:0,(anonymous_15)
FNDA:0,(anonymous_16)
FNDA:0,(anonymous_17)
FNDA:0,(anonymous_18)
FNDA:0,(anonymous_19)
FNDA:0,(anonymous_20)
FNDA:0,check
FNDA:0,(anonymous_22)
FNDA:0,winGame
DA:1,1
DA:2,1
DA:8,1
DA:9,1
DA:10,1
DA:13,1
DA:14,1
DA:15,1
DA:16,1
DA:17,1
DA:18,1
DA:19,1
DA:20,1
DA:22,1
DA:23,0
DA:24,0
DA:26,0
DA:30,1
DA:31,0
DA:32,0
DA:33,0
DA:35,0
DA:36,0
DA:37,0
DA:38,0
DA:42,1
DA:43,0
DA:44,0
DA:53,1
DA:56,1
DA:62,0
DA:63,0
DA:64,0
DA:65,0
DA:66,0
DA:67,0
DA:68,0
DA:69,0
DA:70,0
DA:71,0
DA:73,0
DA:75,0
DA:82,0
DA:84,0
DA:85,0
DA:86,0
DA:87,0
DA:88,0
DA:91,0
DA:92,0
DA:93,0
DA:94,0
DA:95,0
DA:96,0
DA:97,0
DA:98,0
DA:107,0
DA:108,0
DA:109,0
DA:111,0
DA:112,0
DA:119,0
DA:120,0
DA:121,0
DA:123,0
DA:124,0
DA:131,0
DA:132,0
DA:133,0
DA:135,0
DA:136,0
DA:143,0
DA:144,0
DA:145,0
DA:147,0
DA:148,0
DA:155,0
DA:156,0
DA:157,0
DA:158,0
DA:165,0
DA:166,0
DA:167,0
DA:168,0
DA:171,1
DA:172,0
DA:173,0
DA:174,0
DA:175,0
DA:176,0
DA:177,0
DA:178,0
DA:184,1
DA:185,0
DA:186,0
DA:187,0
DA:188,0
DA:189,0
DA:190,0
DA:191,0
DA:197,1
DA:198,0
DA:199,0
DA:200,0
DA:201,0
DA:202,0
DA:203,0
DA:204,0
DA:210,1
DA:211,0
DA:212,0
DA:213,0
DA:214,0
DA:215,0
DA:216,0
DA:217,0
DA:227,0
DA:228,0
DA:231,0
DA:232,0
DA:235,0
DA:236,0
DA:237,0
DA:238,0
DA:239,0
DA:240,0
DA:242,0
DA:243,0
DA:245,0
DA:246,0
DA:247,0
DA:248,0
DA:249,0
DA:253,0
DA:256,0
DA:257,0
DA:258,0
DA:259,0
DA:260,0
DA:261,0
DA:262,0
DA:270,0
DA:271,0
DA:272,0
DA:273,0
LF:145
LH:22
BRDA:23,0,0,0
BRDA:23,0,1,0
BRDA:31,1,0,0
BRDA:31,1,1,0
BRDA:43,2,0,0
BRDA:43,2,1,0
BRDA:43,3,0,0
BRDA:43,3,1,0
BRDA:84,4,0,0
BRDA:84,4,1,0
BRDA:91,5,0,0
BRDA:91,5,1,0
BRDA:94,6,0,0
BRDA:94,6,1,0
BRDA:95,7,0,0
BRDA:95,7,1,0
BRDA:96,8,0,0
BRDA:96,8,1,0
BRDA:97,9,0,0
BRDA:97,9,1,0
BRDA:107,10,0,0
BRDA:107,10,1,0
BRDA:119,11,0,0
BRDA:119,11,1,0
BRDA:131,12,0,0
BRDA:131,12,1,0
BRDA:143,13,0,0
BRDA:143,13,1,0
BRDA:172,14,0,0
BRDA:172,14,1,0
BRDA:176,15,0,0
BRDA:176,15,1,0
BRDA:185,16,0,0
BRDA:185,16,1,0
BRDA:189,17,0,0
BRDA:189,17,1,0
BRDA:198,18,0,0
BRDA:198,18,1,0
BRDA:202,19,0,0
BRDA:202,19,1,0
BRDA:211,20,0,0
BRDA:211,20,1,0
BRDA:215,21,0,0
BRDA:215,21,1,0
BRDA:227,22,0,0
BRDA:227,22,1,0
BRDA:231,23,0,0
BRDA:231,23,1,0
BRDA:231,24,0,0
BRDA:231,24,1,0
BRDA:235,25,0,0
BRDA:235,25,1,0
BRDA:242,26,0,0
BRDA:242,26,1,0
BRDA:256,27,0,0
BRDA:256,27,1,0
BRDA:256,28,0,0
BRDA:256,28,1,0
BRDA:256,28,2,0
BRF:59
BRH:0
end_of_record
